[2021-09-27 11:40:02.576] [exthost] [info] extension host started
[2021-09-27 11:40:02.576] [exthost] [info] Skipping acquiring lock for /home/weslei/.config/Code/User/workspaceStorage/01ac57ef8911d371a676b89e570a0814.
[2021-09-27 11:40:02.725] [exthost] [info] ExtensionService#_doActivateExtension vscode.microsoft-authentication {"startup":false,"extensionId":{"value":"vscode.microsoft-authentication","_lower":"vscode.microsoft-authentication"},"activationEvent":"onAuthenticationRequest:microsoft"}
[2021-09-27 11:40:02.725] [exthost] [info] ExtensionService#loadCommonJSModule file:///usr/share/code/resources/app/extensions/microsoft-authentication/dist/extension.js
[2021-09-27 11:40:02.740] [exthost] [info] ExtensionService#_doActivateExtension JakeBecker.elixir-ls {"startup":false,"extensionId":{"value":"JakeBecker.elixir-ls","_lower":"jakebecker.elixir-ls"},"activationEvent":"onLanguage:elixir"}
[2021-09-27 11:40:02.740] [exthost] [info] ExtensionService#loadCommonJSModule file:///home/weslei/.vscode/extensions/jakebecker.elixir-ls-0.8.1/out/extension
[2021-09-27 11:40:02.827] [exthost] [info] ExtensionService#_doActivateExtension vscode.debug-auto-launch {"startup":true,"extensionId":{"value":"vscode.debug-auto-launch","_lower":"vscode.debug-auto-launch"},"activationEvent":"*"}
[2021-09-27 11:40:02.827] [exthost] [info] ExtensionService#loadCommonJSModule file:///usr/share/code/resources/app/extensions/debug-auto-launch/dist/extension
[2021-09-27 11:40:02.829] [exthost] [info] ExtensionService#_doActivateExtension vscode.git {"startup":true,"extensionId":{"value":"vscode.github","_lower":"vscode.github"},"activationEvent":"*"}
[2021-09-27 11:40:02.829] [exthost] [info] ExtensionService#loadCommonJSModule file:///usr/share/code/resources/app/extensions/git/dist/main
[2021-09-27 11:40:02.847] [exthost] [info] ExtensionService#_doActivateExtension PKief.material-icon-theme {"startup":true,"extensionId":{"value":"PKief.material-icon-theme","_lower":"pkief.material-icon-theme"},"activationEvent":"*"}
[2021-09-27 11:40:02.847] [exthost] [info] ExtensionService#loadCommonJSModule file:///home/weslei/.vscode/extensions/pkief.material-icon-theme-4.10.0/dist/extension
[2021-09-27 11:40:02.854] [exthost] [info] ExtensionService#_doActivateExtension vscodevim.vim {"startup":true,"extensionId":{"value":"vscodevim.vim","_lower":"vscodevim.vim"},"activationEvent":"*"}
[2021-09-27 11:40:02.855] [exthost] [info] ExtensionService#loadCommonJSModule file:///home/weslei/.vscode/extensions/vscodevim.vim-1.21.7/out/extension
[2021-09-27 11:40:02.896] [exthost] [info] ExtensionService#_doActivateExtension zhuangtongfa.material-theme {"startup":true,"extensionId":{"value":"zhuangtongfa.material-theme","_lower":"zhuangtongfa.material-theme"},"activationEvent":"*"}
[2021-09-27 11:40:02.896] [exthost] [info] ExtensionService#loadCommonJSModule file:///home/weslei/.vscode/extensions/zhuangtongfa.material-theme-3.12.0/out/extension.js
[2021-09-27 11:40:03.506] [exthost] [info] ExtensionService#_doActivateExtension vscode.github {"startup":true,"extensionId":{"value":"vscode.github","_lower":"vscode.github"},"activationEvent":"*"}
[2021-09-27 11:40:03.506] [exthost] [info] ExtensionService#loadCommonJSModule file:///usr/share/code/resources/app/extensions/github/dist/extension.js
[2021-09-27 11:40:03.599] [exthost] [info] eager extensions activated
[2021-09-27 11:40:03.617] [exthost] [info] ExtensionService#_doActivateExtension ms-vscode.js-debug {"startup":false,"extensionId":{"value":"ms-vscode.js-debug","_lower":"ms-vscode.js-debug"},"activationEvent":"onCommand:extension.js-debug.clearAutoAttachVariables"}
[2021-09-27 11:40:03.617] [exthost] [info] ExtensionService#loadCommonJSModule file:///usr/share/code/resources/app/extensions/ms-vscode.js-debug/src/extension.js
[2021-09-27 11:40:03.740] [exthost] [info] ExtensionService#_doActivateExtension vscode.emmet {"startup":false,"extensionId":{"value":"vscode.emmet","_lower":"vscode.emmet"},"activationEvent":"onStartupFinished"}
[2021-09-27 11:40:03.740] [exthost] [info] ExtensionService#loadCommonJSModule file:///usr/share/code/resources/app/extensions/emmet/dist/node/emmetNodeMain
[2021-09-27 11:40:03.752] [exthost] [info] ExtensionService#_doActivateExtension vscode.merge-conflict {"startup":false,"extensionId":{"value":"vscode.merge-conflict","_lower":"vscode.merge-conflict"},"activationEvent":"onStartupFinished"}
[2021-09-27 11:40:03.752] [exthost] [info] ExtensionService#loadCommonJSModule file:///usr/share/code/resources/app/extensions/merge-conflict/dist/mergeConflictMain
[2021-09-27 11:40:03.820] [exthost] [info] extension host terminating: renderer closed the socket
[2021-09-27 11:40:03.828] [exthost] [error] Activating extension vscode.github-authentication failed due to an error:
[2021-09-27 11:40:03.828] [exthost] [error] Canceled: Canceled
    at Object.n [as canceled] (/usr/share/code/resources/app/out/vs/workbench/services/extensions/node/extensionHostProcess.js:5:1157)
    at /usr/share/code/resources/app/out/vs/workbench/services/extensions/node/extensionHostProcess.js:98:8805
    at Array.forEach (<anonymous>)
    at i.dispose (/usr/share/code/resources/app/out/vs/workbench/services/extensions/node/extensionHostProcess.js:98:8753)
    at E.terminate (/usr/share/code/resources/app/out/vs/workbench/services/extensions/node/extensionHostProcess.js:103:682)
    at a (/usr/share/code/resources/app/out/vs/workbench/services/extensions/node/extensionHostProcess.js:113:32208)
    at Socket.<anonymous> (/usr/share/code/resources/app/out/vs/workbench/services/extensions/node/extensionHostProcess.js:113:29858)
    at Socket.emit (events.js:327:22)
    at Pipe.<anonymous> (net.js:673:12)
[2021-09-27 11:40:04.826] [exthost] [info] exiting with code 0
