[2021-09-23 13:43:47.768] [exthost] [info] extension host started
[2021-09-23 13:43:47.806] [exthost] [info] ExtensionService#_doActivateExtension vscode.microsoft-authentication {"startup":false,"extensionId":{"value":"vscode.microsoft-authentication","_lower":"vscode.microsoft-authentication"},"activationEvent":"onAuthenticationRequest:microsoft"}
[2021-09-23 13:43:47.806] [exthost] [info] ExtensionService#loadCommonJSModule file:///usr/share/code/resources/app/extensions/microsoft-authentication/dist/extension.js
[2021-09-23 13:43:47.816] [exthost] [info] ExtensionService#_doActivateExtension vscode.debug-auto-launch {"startup":true,"extensionId":{"value":"vscode.debug-auto-launch","_lower":"vscode.debug-auto-launch"},"activationEvent":"*"}
[2021-09-23 13:43:47.816] [exthost] [info] ExtensionService#loadCommonJSModule file:///usr/share/code/resources/app/extensions/debug-auto-launch/dist/extension
[2021-09-23 13:43:47.817] [exthost] [info] ExtensionService#_doActivateExtension vscode.git {"startup":true,"extensionId":{"value":"vscode.github","_lower":"vscode.github"},"activationEvent":"*"}
[2021-09-23 13:43:47.817] [exthost] [info] ExtensionService#loadCommonJSModule file:///usr/share/code/resources/app/extensions/git/dist/main
[2021-09-23 13:43:47.832] [exthost] [info] ExtensionService#_doActivateExtension vscodevim.vim {"startup":true,"extensionId":{"value":"vscodevim.vim","_lower":"vscodevim.vim"},"activationEvent":"*"}
[2021-09-23 13:43:47.832] [exthost] [info] ExtensionService#loadCommonJSModule file:///home/weslei/.vscode/extensions/vscodevim.vim-1.21.7/out/extension
[2021-09-23 13:43:47.866] [exthost] [info] ExtensionService#_doActivateExtension zhuangtongfa.material-theme {"startup":true,"extensionId":{"value":"zhuangtongfa.material-theme","_lower":"zhuangtongfa.material-theme"},"activationEvent":"*"}
[2021-09-23 13:43:47.866] [exthost] [info] ExtensionService#loadCommonJSModule file:///home/weslei/.vscode/extensions/zhuangtongfa.material-theme-3.11.4/out/extension.js
[2021-09-23 13:43:47.993] [exthost] [info] ExtensionService#_doActivateExtension vscode.github {"startup":true,"extensionId":{"value":"vscode.github","_lower":"vscode.github"},"activationEvent":"*"}
[2021-09-23 13:43:47.993] [exthost] [info] ExtensionService#loadCommonJSModule file:///usr/share/code/resources/app/extensions/github/dist/extension.js
[2021-09-23 13:43:48.014] [exthost] [info] eager extensions activated
[2021-09-23 13:43:48.019] [exthost] [info] ExtensionService#_doActivateExtension ms-vscode.js-debug {"startup":false,"extensionId":{"value":"ms-vscode.js-debug","_lower":"ms-vscode.js-debug"},"activationEvent":"onCommand:extension.js-debug.clearAutoAttachVariables"}
[2021-09-23 13:43:48.019] [exthost] [info] ExtensionService#loadCommonJSModule file:///usr/share/code/resources/app/extensions/ms-vscode.js-debug/src/extension.js
[2021-09-23 13:43:48.085] [exthost] [info] ExtensionService#_doActivateExtension vscode.emmet {"startup":false,"extensionId":{"value":"vscode.emmet","_lower":"vscode.emmet"},"activationEvent":"onStartupFinished"}
[2021-09-23 13:43:48.086] [exthost] [info] ExtensionService#loadCommonJSModule file:///usr/share/code/resources/app/extensions/emmet/dist/node/emmetNodeMain
[2021-09-23 13:43:48.089] [exthost] [info] ExtensionService#_doActivateExtension vscode.merge-conflict {"startup":false,"extensionId":{"value":"vscode.merge-conflict","_lower":"vscode.merge-conflict"},"activationEvent":"onStartupFinished"}
[2021-09-23 13:43:48.089] [exthost] [info] ExtensionService#loadCommonJSModule file:///usr/share/code/resources/app/extensions/merge-conflict/dist/mergeConflictMain
[2021-09-23 13:43:48.146] [exthost] [info] ExtensionService#_doActivateExtension vscode.github-authentication {"startup":false,"extensionId":{"value":"vscode.github-authentication","_lower":"vscode.github-authentication"},"activationEvent":"onAuthenticationRequest:github"}
[2021-09-23 13:43:48.147] [exthost] [info] ExtensionService#loadCommonJSModule file:///usr/share/code/resources/app/extensions/github-authentication/dist/extension.js
[2021-09-23 13:43:57.022] [exthost] [info] extension host terminating: renderer closed the socket
[2021-09-23 13:43:58.026] [exthost] [info] exiting with code 0
[2021-09-23 13:43:58.080] [exthost] [info] extension host started
[2021-09-23 13:43:58.080] [exthost] [info] Skipping acquiring lock for /home/weslei/.config/Code/User/workspaceStorage/01ac57ef8911d371a676b89e570a0814.
[2021-09-23 13:43:58.133] [exthost] [info] ExtensionService#_doActivateExtension vscode.microsoft-authentication {"startup":false,"extensionId":{"value":"vscode.microsoft-authentication","_lower":"vscode.microsoft-authentication"},"activationEvent":"onAuthenticationRequest:microsoft"}
[2021-09-23 13:43:58.133] [exthost] [info] ExtensionService#loadCommonJSModule file:///usr/share/code/resources/app/extensions/microsoft-authentication/dist/extension.js
[2021-09-23 13:43:58.144] [exthost] [info] ExtensionService#_doActivateExtension vscode.debug-auto-launch {"startup":true,"extensionId":{"value":"vscode.debug-auto-launch","_lower":"vscode.debug-auto-launch"},"activationEvent":"*"}
[2021-09-23 13:43:58.144] [exthost] [info] ExtensionService#loadCommonJSModule file:///usr/share/code/resources/app/extensions/debug-auto-launch/dist/extension
[2021-09-23 13:43:58.145] [exthost] [info] ExtensionService#_doActivateExtension vscode.git {"startup":true,"extensionId":{"value":"vscode.github","_lower":"vscode.github"},"activationEvent":"*"}
[2021-09-23 13:43:58.145] [exthost] [info] ExtensionService#loadCommonJSModule file:///usr/share/code/resources/app/extensions/git/dist/main
[2021-09-23 13:43:58.156] [exthost] [info] ExtensionService#_doActivateExtension vscodevim.vim {"startup":true,"extensionId":{"value":"vscodevim.vim","_lower":"vscodevim.vim"},"activationEvent":"*"}
[2021-09-23 13:43:58.156] [exthost] [info] ExtensionService#loadCommonJSModule file:///home/weslei/.vscode/extensions/vscodevim.vim-1.21.7/out/extension
[2021-09-23 13:43:58.181] [exthost] [info] ExtensionService#_doActivateExtension zhuangtongfa.material-theme {"startup":true,"extensionId":{"value":"zhuangtongfa.material-theme","_lower":"zhuangtongfa.material-theme"},"activationEvent":"*"}
[2021-09-23 13:43:58.181] [exthost] [info] ExtensionService#loadCommonJSModule file:///home/weslei/.vscode/extensions/zhuangtongfa.material-theme-3.12.0/out/extension.js
[2021-09-23 13:43:58.263] [exthost] [info] ExtensionService#_doActivateExtension vscode.github {"startup":true,"extensionId":{"value":"vscode.github","_lower":"vscode.github"},"activationEvent":"*"}
[2021-09-23 13:43:58.263] [exthost] [info] ExtensionService#loadCommonJSModule file:///usr/share/code/resources/app/extensions/github/dist/extension.js
[2021-09-23 13:43:58.277] [exthost] [info] ExtensionService#_doActivateExtension ms-vscode.js-debug {"startup":false,"extensionId":{"value":"ms-vscode.js-debug","_lower":"ms-vscode.js-debug"},"activationEvent":"onCommand:extension.js-debug.clearAutoAttachVariables"}
[2021-09-23 13:43:58.277] [exthost] [info] ExtensionService#loadCommonJSModule file:///usr/share/code/resources/app/extensions/ms-vscode.js-debug/src/extension.js
[2021-09-23 13:43:58.345] [exthost] [info] eager extensions activated
[2021-09-23 13:43:58.347] [exthost] [info] ExtensionService#_doActivateExtension vscode.github-authentication {"startup":false,"extensionId":{"value":"vscode.github-authentication","_lower":"vscode.github-authentication"},"activationEvent":"onAuthenticationRequest:github"}
[2021-09-23 13:43:58.347] [exthost] [info] ExtensionService#loadCommonJSModule file:///usr/share/code/resources/app/extensions/github-authentication/dist/extension.js
[2021-09-23 13:43:58.358] [exthost] [info] ExtensionService#_doActivateExtension vscode.emmet {"startup":false,"extensionId":{"value":"vscode.emmet","_lower":"vscode.emmet"},"activationEvent":"onStartupFinished"}
[2021-09-23 13:43:58.358] [exthost] [info] ExtensionService#loadCommonJSModule file:///usr/share/code/resources/app/extensions/emmet/dist/node/emmetNodeMain
[2021-09-23 13:43:58.362] [exthost] [info] ExtensionService#_doActivateExtension vscode.merge-conflict {"startup":false,"extensionId":{"value":"vscode.merge-conflict","_lower":"vscode.merge-conflict"},"activationEvent":"onStartupFinished"}
[2021-09-23 13:43:58.362] [exthost] [info] ExtensionService#loadCommonJSModule file:///usr/share/code/resources/app/extensions/merge-conflict/dist/mergeConflictMain
[2021-09-23 13:44:03.402] [exthost] [info] ExtensionService#_doActivateExtension JakeBecker.elixir-ls {"startup":false,"extensionId":{"value":"JakeBecker.elixir-ls","_lower":"jakebecker.elixir-ls"},"activationEvent":"onLanguage:elixir"}
[2021-09-23 13:44:03.402] [exthost] [info] ExtensionService#loadCommonJSModule file:///home/weslei/.vscode/extensions/jakebecker.elixir-ls-0.8.1/out/extension
[2021-09-23 13:47:06.726] [exthost] [info] ExtensionService#_doActivateExtension vscode.configuration-editing {"startup":false,"extensionId":{"value":"vscode.configuration-editing","_lower":"vscode.configuration-editing"},"activationEvent":"onLanguage:json"}
[2021-09-23 13:47:06.726] [exthost] [info] ExtensionService#loadCommonJSModule file:///usr/share/code/resources/app/extensions/configuration-editing/dist/configurationEditingMain
[2021-09-23 13:47:06.728] [exthost] [info] ExtensionService#_doActivateExtension vscode.extension-editing {"startup":false,"extensionId":{"value":"vscode.extension-editing","_lower":"vscode.extension-editing"},"activationEvent":"onLanguage:json"}
[2021-09-23 13:47:06.728] [exthost] [info] ExtensionService#loadCommonJSModule file:///usr/share/code/resources/app/extensions/extension-editing/dist/extensionEditingMain
[2021-09-23 13:47:06.741] [exthost] [info] ExtensionService#_doActivateExtension vscode.json-language-features {"startup":false,"extensionId":{"value":"vscode.json-language-features","_lower":"vscode.json-language-features"},"activationEvent":"onLanguage:json"}
[2021-09-23 13:47:06.741] [exthost] [info] ExtensionService#loadCommonJSModule file:///usr/share/code/resources/app/extensions/json-language-features/client/dist/node/jsonClientMain
[2021-09-23 13:47:06.754] [exthost] [info] ExtensionService#_doActivateExtension vscode.npm {"startup":false,"extensionId":{"value":"vscode.npm","_lower":"vscode.npm"},"activationEvent":"onLanguage:json"}
[2021-09-23 13:47:06.754] [exthost] [info] ExtensionService#loadCommonJSModule file:///usr/share/code/resources/app/extensions/npm/dist/npmMain
[2021-09-23 13:47:52.401] [exthost] [info] ExtensionService#_doActivateExtension vscode.typescript-language-features {"startup":false,"extensionId":{"value":"vscode.typescript-language-features","_lower":"vscode.typescript-language-features"},"activationEvent":"onLanguage:jsonc"}
[2021-09-23 13:47:52.401] [exthost] [info] ExtensionService#loadCommonJSModule file:///usr/share/code/resources/app/extensions/typescript-language-features/dist/extension
[2021-09-23 13:48:21.302] [exthost] [info] ExtensionService#_doActivateExtension equinusocio.vsc-material-theme-icons {"startup":false,"extensionId":{"value":"equinusocio.vsc-material-theme-icons","_lower":"equinusocio.vsc-material-theme-icons"},"activationEvent":"*"}
[2021-09-23 13:48:21.302] [exthost] [info] ExtensionService#loadCommonJSModule file:///home/weslei/.vscode/extensions/equinusocio.vsc-material-theme-icons-2.2.0/out/src/extension
[2021-09-23 13:48:35.861] [exthost] [info] ExtensionService#_doActivateExtension PKief.material-icon-theme {"startup":false,"extensionId":{"value":"PKief.material-icon-theme","_lower":"pkief.material-icon-theme"},"activationEvent":"*"}
[2021-09-23 13:48:35.861] [exthost] [info] ExtensionService#loadCommonJSModule file:///home/weslei/.vscode/extensions/pkief.material-icon-theme-4.10.0/dist/extension
[2021-09-23 13:49:13.835] [exthost] [info] ExtensionService#_doActivateExtension vscode.markdown-language-features {"startup":false,"extensionId":{"value":"vscode.markdown-language-features","_lower":"vscode.markdown-language-features"},"activationEvent":"onLanguage:markdown"}
[2021-09-23 13:49:13.835] [exthost] [info] ExtensionService#loadCommonJSModule file:///usr/share/code/resources/app/extensions/markdown-language-features/dist/extension
[2021-09-23 13:49:30.871] [exthost] [info] ExtensionService#_doActivateExtension vscode.markdown-math {"startup":false,"extensionId":{"value":"vscode.markdown-language-features","_lower":"vscode.markdown-language-features"},"activationEvent":"api"}
[2021-09-23 13:49:30.871] [exthost] [info] ExtensionService#loadCommonJSModule file:///usr/share/code/resources/app/extensions/markdown-math/dist/extension
[2021-09-23 13:49:39.995] [exthost] [info] extension host terminating: renderer closed the socket
[2021-09-23 13:49:40.629] [exthost] [error] TypeError: Converting circular structure to JSON
    --> starting at object with constructor 't'
    |     property '_readableState' -> object with constructor 'x'
    |     property 'pipes' -> object with constructor 'Array'
    |     index 0 -> object with constructor 't.ConsoleForElectron'
    --- property 'parent' closes the circle
    at JSON.stringify (<anonymous>)
    at async (/home/weslei/.vscode/extensions/vscodevim.vim-1.21.7/src/register/register.ts:357:16)
    at Object.e.deactivate (/home/weslei/.vscode/extensions/vscodevim.vim-1.21.7/extension.ts:36:8)
    at async Promise.all (index 18)
    at v.deactivateAll (/usr/share/code/resources/app/out/vs/workbench/services/extensions/node/extensionHostProcess.js:99:10017)
[2021-09-23 13:49:41.012] [exthost] [info] exiting with code 0
[2021-09-23 13:49:42.557] [exthost] [info] extension host started
[2021-09-23 13:49:42.557] [exthost] [info] Skipping acquiring lock for /home/weslei/.config/Code/User/workspaceStorage/01ac57ef8911d371a676b89e570a0814.
[2021-09-23 13:49:43.064] [exthost] [info] ExtensionService#_doActivateExtension vscode.microsoft-authentication {"startup":false,"extensionId":{"value":"vscode.microsoft-authentication","_lower":"vscode.microsoft-authentication"},"activationEvent":"onAuthenticationRequest:microsoft"}
[2021-09-23 13:49:43.065] [exthost] [info] ExtensionService#loadCommonJSModule file:///usr/share/code/resources/app/extensions/microsoft-authentication/dist/extension.js
[2021-09-23 13:49:43.087] [exthost] [info] ExtensionService#_doActivateExtension JakeBecker.elixir-ls {"startup":false,"extensionId":{"value":"JakeBecker.elixir-ls","_lower":"jakebecker.elixir-ls"},"activationEvent":"onLanguage:elixir"}
[2021-09-23 13:49:43.088] [exthost] [info] ExtensionService#loadCommonJSModule file:///home/weslei/.vscode/extensions/jakebecker.elixir-ls-0.8.1/out/extension
[2021-09-23 13:49:43.161] [exthost] [info] ExtensionService#_doActivateExtension vscode.debug-auto-launch {"startup":true,"extensionId":{"value":"vscode.debug-auto-launch","_lower":"vscode.debug-auto-launch"},"activationEvent":"*"}
[2021-09-23 13:49:43.161] [exthost] [info] ExtensionService#loadCommonJSModule file:///usr/share/code/resources/app/extensions/debug-auto-launch/dist/extension
[2021-09-23 13:49:43.164] [exthost] [info] ExtensionService#_doActivateExtension vscode.git {"startup":true,"extensionId":{"value":"vscode.github","_lower":"vscode.github"},"activationEvent":"*"}
[2021-09-23 13:49:43.164] [exthost] [info] ExtensionService#loadCommonJSModule file:///usr/share/code/resources/app/extensions/git/dist/main
[2021-09-23 13:49:43.191] [exthost] [info] ExtensionService#_doActivateExtension PKief.material-icon-theme {"startup":true,"extensionId":{"value":"PKief.material-icon-theme","_lower":"pkief.material-icon-theme"},"activationEvent":"*"}
[2021-09-23 13:49:43.192] [exthost] [info] ExtensionService#loadCommonJSModule file:///home/weslei/.vscode/extensions/pkief.material-icon-theme-4.10.0/dist/extension
[2021-09-23 13:49:43.204] [exthost] [info] ExtensionService#_doActivateExtension vscodevim.vim {"startup":true,"extensionId":{"value":"vscodevim.vim","_lower":"vscodevim.vim"},"activationEvent":"*"}
[2021-09-23 13:49:43.204] [exthost] [info] ExtensionService#loadCommonJSModule file:///home/weslei/.vscode/extensions/vscodevim.vim-1.21.7/out/extension
[2021-09-23 13:49:43.265] [exthost] [info] ExtensionService#_doActivateExtension zhuangtongfa.material-theme {"startup":true,"extensionId":{"value":"zhuangtongfa.material-theme","_lower":"zhuangtongfa.material-theme"},"activationEvent":"*"}
[2021-09-23 13:49:43.265] [exthost] [info] ExtensionService#loadCommonJSModule file:///home/weslei/.vscode/extensions/zhuangtongfa.material-theme-3.12.0/out/extension.js
[2021-09-23 13:49:44.095] [exthost] [info] ExtensionService#_doActivateExtension vscode.github {"startup":true,"extensionId":{"value":"vscode.github","_lower":"vscode.github"},"activationEvent":"*"}
[2021-09-23 13:49:44.095] [exthost] [info] ExtensionService#loadCommonJSModule file:///usr/share/code/resources/app/extensions/github/dist/extension.js
[2021-09-23 13:49:44.151] [exthost] [info] ExtensionService#_doActivateExtension ms-vscode.js-debug {"startup":false,"extensionId":{"value":"ms-vscode.js-debug","_lower":"ms-vscode.js-debug"},"activationEvent":"onCommand:extension.js-debug.clearAutoAttachVariables"}
[2021-09-23 13:49:44.151] [exthost] [info] ExtensionService#loadCommonJSModule file:///usr/share/code/resources/app/extensions/ms-vscode.js-debug/src/extension.js
[2021-09-23 13:49:44.339] [exthost] [info] eager extensions activated
[2021-09-23 13:49:44.391] [exthost] [info] ExtensionService#_doActivateExtension vscode.github-authentication {"startup":false,"extensionId":{"value":"vscode.github-authentication","_lower":"vscode.github-authentication"},"activationEvent":"onAuthenticationRequest:github"}
[2021-09-23 13:49:44.392] [exthost] [info] ExtensionService#loadCommonJSModule file:///usr/share/code/resources/app/extensions/github-authentication/dist/extension.js
[2021-09-23 13:49:44.415] [exthost] [info] ExtensionService#_doActivateExtension vscode.emmet {"startup":false,"extensionId":{"value":"vscode.emmet","_lower":"vscode.emmet"},"activationEvent":"onStartupFinished"}
[2021-09-23 13:49:44.416] [exthost] [info] ExtensionService#loadCommonJSModule file:///usr/share/code/resources/app/extensions/emmet/dist/node/emmetNodeMain
[2021-09-23 13:49:44.434] [exthost] [info] ExtensionService#_doActivateExtension vscode.merge-conflict {"startup":false,"extensionId":{"value":"vscode.merge-conflict","_lower":"vscode.merge-conflict"},"activationEvent":"onStartupFinished"}
[2021-09-23 13:49:44.434] [exthost] [info] ExtensionService#loadCommonJSModule file:///usr/share/code/resources/app/extensions/merge-conflict/dist/mergeConflictMain
[2021-09-23 13:51:02.824] [exthost] [info] extension host terminating: renderer closed the socket
[2021-09-23 13:51:03.079] [exthost] [error] TypeError: Converting circular structure to JSON
    --> starting at object with constructor 't'
    |     property '_readableState' -> object with constructor 'x'
    |     property 'pipes' -> object with constructor 'Array'
    |     index 0 -> object with constructor 't.ConsoleForElectron'
    --- property 'parent' closes the circle
    at JSON.stringify (<anonymous>)
    at async (/home/weslei/.vscode/extensions/vscodevim.vim-1.21.7/src/register/register.ts:357:16)
    at Object.e.deactivate (/home/weslei/.vscode/extensions/vscodevim.vim-1.21.7/extension.ts:36:8)
    at async Promise.all (index 10)
    at v.deactivateAll (/usr/share/code/resources/app/out/vs/workbench/services/extensions/node/extensionHostProcess.js:99:10017)
[2021-09-23 13:51:03.834] [exthost] [info] exiting with code 0
