[09/21/21, 16:14:24:377] info: 
╔═══════════════════════════════════════════════════════════════════════════════════╗
║      Slack 4.4.2, linux 5.13.0-7614-generic on x64 at 09/21/21, 16:14:24:377      ║
╚═══════════════════════════════════════════════════════════════════════════════════╝ 
[09/21/21, 16:14:24:378] info: Configured logger via 
{
  "identifierOverride": "webapp-auth-console",
  "logLevel": "info",
  "numberOfInstances": 3
}
[09/21/21, 16:14:24:378] info: Predefined values for process 
{
  "NODE_ENV": "production",
  "platform": "linux",
  "type": "browser",
  "PACKAGE_MANIFEST.productName": "Slack",
  "PACKAGE_MANIFEST.version": "4.4.2",
  "PACKAGE_MANIFEST.commit": "f6f39f2",
  "PACKAGE_MANIFEST.branch": "HEAD"
}
[09/21/21, 16:22:10:011] info: 
╔══════════════════════════════════════════════════════════╗
║      Slack 4.19.2, linux 5.13.0-7614-generic on x64      ║
╚══════════════════════════════════════════════════════════╝ 
[09/21/21, 16:22:10:011] info: Configured logger via 
{
  "enableConsoleTransport": true,
  "identifierOverride": "webapp-auth-console",
  "shouldUseNewBackend": false,
  "loggerInstanceCount": 4
}
[09/21/21, 16:22:10:012] info: Predefined values for process 
{
  "NODE_ENV": "production",
  "platform": "linux",
  "type": "browser",
  "timeZone": "America/Sao_Paulo",
  "PACKAGE_MANIFEST.productName": "Slack",
  "PACKAGE_MANIFEST.version": "4.19.2",
  "PACKAGE_MANIFEST.commit": "b92697c",
  "PACKAGE_MANIFEST.branch": "HEAD"
}
[09/21/21, 16:25:34:587] info: 
╔══════════════════════════════════════════════════════════╗
║      Slack 4.19.2, linux 5.13.0-7614-generic on x64      ║
╚══════════════════════════════════════════════════════════╝ 
[09/21/21, 16:25:34:587] info: Configured logger via 
{
  "enableConsoleTransport": true,
  "identifierOverride": "webapp-auth-console",
  "shouldUseNewBackend": false,
  "loggerInstanceCount": 5
}
[09/21/21, 16:25:34:587] info: Predefined values for process 
{
  "NODE_ENV": "production",
  "platform": "linux",
  "type": "browser",
  "timeZone": "America/Sao_Paulo",
  "PACKAGE_MANIFEST.productName": "Slack",
  "PACKAGE_MANIFEST.version": "4.19.2",
  "PACKAGE_MANIFEST.commit": "b92697c",
  "PACKAGE_MANIFEST.branch": "HEAD"
}
