Started ElixirLS v0.8.1
Elixir version: "1.12.3 (compiled with Erlang/OTP 24)"
Erlang version: "24"
ElixirLS compiled with Elixir 1.10.4 and erlang 22
MIX_ENV: test
MIX_TARGET: 
[Info  - 1:49:45 PM] Compile took 351 milliseconds
[Info  - 1:49:45 PM] [ElixirLS WorkspaceSymbols] Indexing...
[Info  - 1:49:45 PM] [ElixirLS WorkspaceSymbols] Module discovery complete
[Info  - 1:49:45 PM] [ElixirLS WorkspaceSymbols] 22 callbacks added to index
[Info  - 1:49:45 PM] [ElixirLS WorkspaceSymbols] 155 modules added to index
[Info  - 1:49:46 PM] [ElixirLS WorkspaceSymbols] 273 types added to index
[Info  - 1:49:49 PM] [ElixirLS WorkspaceSymbols] 3712 functions added to index
MIX_ENV: test
MIX_TARGET: 
Compiling 1 file (.ex)
[Info  - 1:50:00 PM] Compile took 94 milliseconds
[Info  - 1:50:00 PM] [ElixirLS WorkspaceSymbols] Updating index...
[Info  - 1:50:00 PM] [ElixirLS WorkspaceSymbols] 1 modules need reindexing
[Info  - 1:50:00 PM] [ElixirLS WorkspaceSymbols] 0 callbacks added to index
[Info  - 1:50:00 PM] [ElixirLS WorkspaceSymbols] 0 types added to index
[Info  - 1:50:00 PM] [ElixirLS WorkspaceSymbols] 1 modules added to index
[Info  - 1:50:00 PM] [ElixirLS WorkspaceSymbols] 4 functions added to index
MIX_ENV: test
MIX_TARGET: 
Compiling 1 file (.ex)
[Info  - 1:50:57 PM] Compile took 42 milliseconds
[Info  - 1:50:57 PM] [ElixirLS WorkspaceSymbols] Updating index...
[Info  - 1:50:57 PM] [ElixirLS WorkspaceSymbols] 1 modules need reindexing
[Info  - 1:50:57 PM] [ElixirLS WorkspaceSymbols] 0 callbacks added to index
[Info  - 1:50:57 PM] [ElixirLS WorkspaceSymbols] 0 types added to index
[Info  - 1:50:57 PM] [ElixirLS WorkspaceSymbols] 1 modules added to index
[Info  - 1:50:57 PM] [ElixirLS WorkspaceSymbols] 4 functions added to index
