Started ElixirLS v0.8.1
Elixir version: "1.12.3 (compiled with Erlang/OTP 24)"
Erlang version: "24"
ElixirLS compiled with Elixir 1.10.4 and erlang 22
MIX_ENV: test
MIX_TARGET: 
Compiling 1 file (.ex)

== Compilation error in file lib/is_ci.ex ==
** (SyntaxError) lib/is_ci.ex:37:5: syntax error before: "STRIDER"
    (elixir 1.12.3) lib/kernel/parallel_compiler.ex:319: anonymous fn/4 in Kernel.ParallelCompiler.spawn_workers/7
[Info  - 1:44:04 PM] Compile took 145 milliseconds
[Info  - 1:44:04 PM] [ElixirLS WorkspaceSymbols] Indexing...
[Info  - 1:44:04 PM] [ElixirLS WorkspaceSymbols] Module discovery complete
[Info  - 1:44:04 PM] [ElixirLS WorkspaceSymbols] 20 callbacks added to index
[Info  - 1:44:04 PM] [ElixirLS WorkspaceSymbols] 159 modules added to index
[Info  - 1:44:04 PM] [ElixirLS WorkspaceSymbols] 272 types added to index
[Info  - 1:44:06 PM] [ElixirLS WorkspaceSymbols] 3822 functions added to index
MIX_ENV: test
MIX_TARGET: 
Compiling 1 file (.ex)
Generated ci_detect app
[Info  - 1:44:13 PM] Compile took 106 milliseconds
[Info  - 1:44:13 PM] [ElixirLS WorkspaceSymbols] Updating index...
[Info  - 1:44:13 PM] [ElixirLS WorkspaceSymbols] 1 modules need reindexing
[Info  - 1:44:13 PM] [ElixirLS WorkspaceSymbols] 0 callbacks added to index
[Info  - 1:44:13 PM] [ElixirLS WorkspaceSymbols] 0 types added to index
[Info  - 1:44:13 PM] [ElixirLS WorkspaceSymbols] 1 modules added to index
[Info  - 1:44:13 PM] [ElixirLS WorkspaceSymbols] 4 functions added to index
